<?xml version="1.0" encoding="UTF-8"?>
<testsuite xmlns:xsi="http://www.w3.org/2001/XMLSchema-instance" xsi:noNamespaceSchemaLocation="https://maven.apache.org/surefire/maven-surefire-plugin/xsd/surefire-test-report-3.0.xsd" version="3.0" name="com.example.OpinioBackend.OpinioBackendApplicationTests" time="17.161" tests="1" errors="0" skipped="0" failures="0">
  <properties>
[...]
</properties>
  <testcase name="contextLoads" classname="com.example.OpinioBackend.OpinioBackendApplicationTests" time="0.594">
    <system-out><![CDATA[03:02:04.444 [main] INFO org.springframework.test.context.support.AnnotationConfigContextLoaderUtils -- Could not detect default configuration classes for test class [com.example.OpinioBackend.OpinioBackendApplicationTests]: OpinioBackendApplicationTests does not declare any static, non-private, non-final, nested classes annotated with @Configuration.
03:02:04.551 [main] INFO org.springframework.boot.test.context.SpringBootTestContextBootstrapper -- Found @SpringBootConfiguration com.example.OpinioBackend.OpinioBackendApplication for test class com.example.OpinioBackend.OpinioBackendApplicationTests

  .   ____          _            __ _ _
 /\\ / ___'_ __ _ _(_)_ __  __ _ \ \ \ \
( ( )\___ | '_ | '_| | '_ \/ _` | \ \ \ \
 \\/  ___)| |_)| | | | | || (_| |  ) ) ) )
  '  |____| .__|_| |_|_| |_\__, | / / / /
 =========|_|==============|___/=/_/_/_/
 :: Spring Boot ::                (v3.1.4)

2023-10-24T03:02:05.003+04:00  INFO 5032 --- [           main] c.e.O.OpinioBackendApplicationTests      : Starting OpinioBackendApplicationTests using Java 17.0.8.1 with PID 5032 (started by halil in C:\project\Opinio)
2023-10-24T03:02:05.005+04:00  INFO 5032 --- [           main] c.e.O.OpinioBackendApplicationTests      : No active profile set, falling back to 1 default profile: "default"
2023-10-24T03:02:05.792+04:00  INFO 5032 --- [           main] .s.d.r.c.RepositoryConfigurationDelegate : Bootstrapping Spring Data JPA repositories in DEFAULT mode.
2023-10-24T03:02:05.860+04:00  INFO 5032 --- [           main] .s.d.r.c.RepositoryConfigurationDelegate : Finished Spring Data repository scanning in 59 ms. Found 3 JPA repository interfaces.
2023-10-24T03:02:06.374+04:00  INFO 5032 --- [           main] o.hibernate.jpa.internal.util.LogHelper  : HHH000204: Processing PersistenceUnitInfo [name: default]
2023-10-24T03:02:06.442+04:00  INFO 5032 --- [           main] org.hibernate.Version                    : HHH000412: Hibernate ORM core version 6.2.9.Final
2023-10-24T03:02:06.444+04:00  INFO 5032 --- [           main] org.hibernate.cfg.Environment            : HHH000406: Using bytecode reflection optimizer
2023-10-24T03:02:06.646+04:00  INFO 5032 --- [           main] o.h.b.i.BytecodeProviderInitiator        : HHH000021: Bytecode provider name : bytebuddy
2023-10-24T03:02:06.809+04:00  INFO 5032 --- [           main] o.s.o.j.p.SpringPersistenceUnitInfo      : No LoadTimeWeaver setup: ignoring JPA class transformer
2023-10-24T03:02:06.828+04:00  INFO 5032 --- [           main] com.zaxxer.hikari.HikariDataSource       : HikariPool-1 - Starting...
2023-10-24T03:02:09.340+04:00  INFO 5032 --- [           main] com.zaxxer.hikari.pool.HikariPool        : HikariPool-1 - Added connection org.postgresql.jdbc.PgConnection@9729a97
2023-10-24T03:02:09.342+04:00  INFO 5032 --- [           main] com.zaxxer.hikari.HikariDataSource       : HikariPool-1 - Start completed.
2023-10-24T03:02:10.785+04:00  INFO 5032 --- [           main] o.h.b.i.BytecodeProviderInitiator        : HHH000021: Bytecode provider name : bytebuddy
2023-10-24T03:02:11.787+04:00  INFO 5032 --- [           main] o.h.e.t.j.p.i.JtaPlatformInitiator       : HHH000490: Using JtaPlatform implementation: [org.hibernate.engine.transaction.jta.platform.internal.NoJtaPlatform]
2023-10-24T03:02:12.267+04:00  WARN 5032 --- [           main] o.h.engine.jdbc.spi.SqlExceptionHelper   : SQL Warning Code: 0, SQLState: 00000
2023-10-24T03:02:12.267+04:00  WARN 5032 --- [           main] o.h.engine.jdbc.spi.SqlExceptionHelper   : relation "look_model_elements" does not exist, skipping
2023-10-24T03:02:12.497+04:00  WARN 5032 --- [           main] o.h.engine.jdbc.spi.SqlExceptionHelper   : SQL Warning Code: 0, SQLState: 00000
2023-10-24T03:02:12.497+04:00  WARN 5032 --- [           main] o.h.engine.jdbc.spi.SqlExceptionHelper   : relation "look_model_elements" does not exist, skipping
2023-10-24T03:02:12.725+04:00  WARN 5032 --- [           main] o.h.engine.jdbc.spi.SqlExceptionHelper   : SQL Warning Code: 0, SQLState: 00000
2023-10-24T03:02:12.726+04:00  WARN 5032 --- [           main] o.h.engine.jdbc.spi.SqlExceptionHelper   : relation "post_model_elements" does not exist, skipping
2023-10-24T03:02:12.956+04:00  WARN 5032 --- [           main] o.h.engine.jdbc.spi.SqlExceptionHelper   : SQL Warning Code: 0, SQLState: 00000
2023-10-24T03:02:12.957+04:00  WARN 5032 --- [           main] o.h.engine.jdbc.spi.SqlExceptionHelper   : relation "post_model_elements" does not exist, skipping
2023-10-24T03:02:13.188+04:00  WARN 5032 --- [           main] o.h.engine.jdbc.spi.SqlExceptionHelper   : SQL Warning Code: 0, SQLState: 00000
2023-10-24T03:02:13.189+04:00  WARN 5032 --- [           main] o.h.engine.jdbc.spi.SqlExceptionHelper   : table "_user" does not exist, skipping
2023-10-24T03:02:13.421+04:00  WARN 5032 --- [           main] o.h.engine.jdbc.spi.SqlExceptionHelper   : SQL Warning Code: 0, SQLState: 00000
2023-10-24T03:02:13.421+04:00  WARN 5032 --- [           main] o.h.engine.jdbc.spi.SqlExceptionHelper   : table "look_element_model" does not exist, skipping
2023-10-24T03:02:13.653+04:00  WARN 5032 --- [           main] o.h.engine.jdbc.spi.SqlExceptionHelper   : SQL Warning Code: 0, SQLState: 00000
2023-10-24T03:02:13.653+04:00  WARN 5032 --- [           main] o.h.engine.jdbc.spi.SqlExceptionHelper   : table "look_model" does not exist, skipping
2023-10-24T03:02:13.882+04:00  WARN 5032 --- [           main] o.h.engine.jdbc.spi.SqlExceptionHelper   : SQL Warning Code: 0, SQLState: 00000
2023-10-24T03:02:13.882+04:00  WARN 5032 --- [           main] o.h.engine.jdbc.spi.SqlExceptionHelper   : table "look_model_elements" does not exist, skipping
2023-10-24T03:02:14.112+04:00  WARN 5032 --- [           main] o.h.engine.jdbc.spi.SqlExceptionHelper   : SQL Warning Code: 0, SQLState: 00000
2023-10-24T03:02:14.113+04:00  WARN 5032 --- [           main] o.h.engine.jdbc.spi.SqlExceptionHelper   : table "post_element_model" does not exist, skipping
2023-10-24T03:02:14.361+04:00  WARN 5032 --- [           main] o.h.engine.jdbc.spi.SqlExceptionHelper   : SQL Warning Code: 0, SQLState: 00000
2023-10-24T03:02:14.361+04:00  WARN 5032 --- [           main] o.h.engine.jdbc.spi.SqlExceptionHelper   : table "post_model" does not exist, skipping
2023-10-24T03:02:14.639+04:00  WARN 5032 --- [           main] o.h.engine.jdbc.spi.SqlExceptionHelper   : SQL Warning Code: 0, SQLState: 00000
2023-10-24T03:02:14.639+04:00  WARN 5032 --- [           main] o.h.engine.jdbc.spi.SqlExceptionHelper   : table "post_model_elements" does not exist, skipping
2023-10-24T03:02:14.866+04:00  WARN 5032 --- [           main] o.h.engine.jdbc.spi.SqlExceptionHelper   : SQL Warning Code: 0, SQLState: 00000
2023-10-24T03:02:14.867+04:00  WARN 5032 --- [           main] o.h.engine.jdbc.spi.SqlExceptionHelper   : sequence "_user_seq" does not exist, skipping
2023-10-24T03:02:15.095+04:00  WARN 5032 --- [           main] o.h.engine.jdbc.spi.SqlExceptionHelper   : SQL Warning Code: 0, SQLState: 00000
2023-10-24T03:02:15.095+04:00  WARN 5032 --- [           main] o.h.engine.jdbc.spi.SqlExceptionHelper   : sequence "look_element_model_seq" does not exist, skipping
2023-10-24T03:02:15.323+04:00  WARN 5032 --- [           main] o.h.engine.jdbc.spi.SqlExceptionHelper   : SQL Warning Code: 0, SQLState: 00000
2023-10-24T03:02:15.323+04:00  WARN 5032 --- [           main] o.h.engine.jdbc.spi.SqlExceptionHelper   : sequence "look_model_seq" does not exist, skipping
2023-10-24T03:02:15.552+04:00  WARN 5032 --- [           main] o.h.engine.jdbc.spi.SqlExceptionHelper   : SQL Warning Code: 0, SQLState: 00000
2023-10-24T03:02:15.552+04:00  WARN 5032 --- [           main] o.h.engine.jdbc.spi.SqlExceptionHelper   : sequence "post_element_model_seq" does not exist, skipping
2023-10-24T03:02:15.780+04:00  WARN 5032 --- [           main] o.h.engine.jdbc.spi.SqlExceptionHelper   : SQL Warning Code: 0, SQLState: 00000
2023-10-24T03:02:15.780+04:00  WARN 5032 --- [           main] o.h.engine.jdbc.spi.SqlExceptionHelper   : sequence "post_model_seq" does not exist, skipping
2023-10-24T03:02:19.547+04:00  INFO 5032 --- [           main] j.LocalContainerEntityManagerFactoryBean : Initialized JPA EntityManagerFactory for persistence unit 'default'
2023-10-24T03:02:20.096+04:00  WARN 5032 --- [           main] JpaBaseConfiguration$JpaWebConfiguration : spring.jpa.open-in-view is enabled by default. Therefore, database queries may be performed during view rendering. Explicitly configure spring.jpa.open-in-view to disable this warning
2023-10-24T03:02:20.220+04:00  INFO 5032 --- [           main] o.s.s.web.DefaultSecurityFilterChain     : Will secure any request with [org.springframework.security.web.session.DisableEncodeUrlFilter@7fba492e, org.springframework.security.web.context.request.async.WebAsyncManagerIntegrationFilter@6eeeb9da, org.springframework.security.web.context.SecurityContextHolderFilter@53654b2d, org.springframework.security.web.header.HeaderWriterFilter@27bc2650, org.springframework.security.web.authentication.logout.LogoutFilter@14d6ede3, com.example.OpinioBackend.config.JwtAuthenticationFilter@6318ff9, org.springframework.security.web.savedrequest.RequestCacheAwareFilter@33478a2f, org.springframework.security.web.servletapi.SecurityContextHolderAwareRequestFilter@2da0770, org.springframework.security.web.authentication.AnonymousAuthenticationFilter@17635531, org.springframework.security.web.session.SessionManagementFilter@3cc5408c, org.springframework.security.web.access.ExceptionTranslationFilter@2fbd47b7, org.springframework.security.web.access.intercept.AuthorizationFilter@32d46229]
2023-10-24T03:02:20.815+04:00  INFO 5032 --- [           main] c.e.O.OpinioBackendApplicationTests      : Started OpinioBackendApplicationTests in 16.093 seconds (process running for 17.1)
]]></system-out>
  </testcase>
</testsuite>